This file contains any messages produced by compilers while
running configure, to aid debugging if configure makes a mistake.

It was created by wavemon configure 0.8.0, which was
generated by GNU Autoconf 2.69.  Invocation command line was

  $ ./configure 

## --------- ##
## Platform. ##
## --------- ##

hostname = lenonr-notebook
uname -m = x86_64
uname -r = 4.7.0-0.1-liquorix-amd64
uname -s = Linux
uname -v = #1 ZEN SMP PREEMPT liquorix 4.7-1 (2016-08-13)

/usr/bin/uname -p = unknown
/bin/uname -X     = unknown

/bin/arch              = unknown
/usr/bin/arch -k       = unknown
/usr/convex/getsysinfo = unknown
/usr/bin/hostinfo      = unknown
/bin/machine           = unknown
/usr/bin/oslevel       = unknown
/bin/universe          = unknown

PATH: /usr/local/sbin
PATH: /usr/local/bin
PATH: /usr/sbin
PATH: /usr/bin
PATH: /sbin
PATH: /bin
PATH: /usr/games
PATH: /usr/local/games
PATH: /snap/bin
PATH: /snap/bin


## ----------- ##
## Core tests. ##
## ----------- ##

configure:2236: checking build system type
configure:2250: result: x86_64-unknown-linux-gnu
configure:2270: checking host system type
configure:2283: result: x86_64-unknown-linux-gnu
configure:2357: checking for gcc
configure:2373: found /usr/bin/gcc
configure:2384: result: gcc
configure:2613: checking for C compiler version
configure:2622: gcc --version >&5
gcc (Ubuntu 5.4.0-6ubuntu1~16.04.2) 5.4.0 20160609
Copyright (C) 2015 Free Software Foundation, Inc.
This is free software; see the source for copying conditions.  There is NO
warranty; not even for MERCHANTABILITY or FITNESS FOR A PARTICULAR PURPOSE.

configure:2633: $? = 0
configure:2622: gcc -v >&5
Using built-in specs.
COLLECT_GCC=gcc
COLLECT_LTO_WRAPPER=/usr/lib/gcc/x86_64-linux-gnu/5/lto-wrapper
Target: x86_64-linux-gnu
Configured with: ../src/configure -v --with-pkgversion='Ubuntu 5.4.0-6ubuntu1~16.04.2' --with-bugurl=file:///usr/share/doc/gcc-5/README.Bugs --enable-languages=c,ada,c++,java,go,d,fortran,objc,obj-c++ --prefix=/usr --program-suffix=-5 --enable-shared --enable-linker-build-id --libexecdir=/usr/lib --without-included-gettext --enable-threads=posix --libdir=/usr/lib --enable-nls --with-sysroot=/ --enable-clocale=gnu --enable-libstdcxx-debug --enable-libstdcxx-time=yes --with-default-libstdcxx-abi=new --enable-gnu-unique-object --disable-vtable-verify --enable-libmpx --enable-plugin --with-system-zlib --disable-browser-plugin --enable-java-awt=gtk --enable-gtk-cairo --with-java-home=/usr/lib/jvm/java-1.5.0-gcj-5-amd64/jre --enable-java-home --with-jvm-root-dir=/usr/lib/jvm/java-1.5.0-gcj-5-amd64 --with-jvm-jar-dir=/usr/lib/jvm-exports/java-1.5.0-gcj-5-amd64 --with-arch-directory=amd64 --with-ecj-jar=/usr/share/java/eclipse-ecj.jar --enable-objc-gc --enable-multiarch --disable-werror --with-arch-32=i686 --with-abi=m64 --with-multilib-list=m32,m64,mx32 --enable-multilib --with-tune=generic --enable-checking=release --build=x86_64-linux-gnu --host=x86_64-linux-gnu --target=x86_64-linux-gnu
Thread model: posix
gcc version 5.4.0 20160609 (Ubuntu 5.4.0-6ubuntu1~16.04.2) 
configure:2633: $? = 0
configure:2622: gcc -V >&5
gcc: error: unrecognized command line option '-V'
gcc: fatal error: no input files
compilation terminated.
configure:2633: $? = 1
configure:2622: gcc -qversion >&5
gcc: error: unrecognized command line option '-qversion'
gcc: fatal error: no input files
compilation terminated.
configure:2633: $? = 1
configure:2653: checking whether the C compiler works
configure:2675: gcc -O2 -Wall   conftest.c  >&5
configure:2679: $? = 0
configure:2727: result: yes
configure:2730: checking for C compiler default output file name
configure:2732: result: a.out
configure:2738: checking for suffix of executables
configure:2745: gcc -o conftest -O2 -Wall   conftest.c  >&5
configure:2749: $? = 0
configure:2771: result: 
configure:2793: checking whether we are cross compiling
configure:2801: gcc -o conftest -O2 -Wall   conftest.c  >&5
configure:2805: $? = 0
configure:2812: ./conftest
configure:2816: $? = 0
configure:2831: result: no
configure:2836: checking for suffix of object files
configure:2858: gcc -c -O2 -Wall  conftest.c >&5
configure:2862: $? = 0
configure:2883: result: o
configure:2887: checking whether we are using the GNU C compiler
configure:2906: gcc -c -O2 -Wall  conftest.c >&5
configure:2906: $? = 0
configure:2915: result: yes
configure:2924: checking whether gcc accepts -g
configure:2944: gcc -c -g  conftest.c >&5
configure:2944: $? = 0
configure:2985: result: yes
configure:3002: checking for gcc option to accept ISO C89
configure:3065: gcc  -c -O2 -Wall  conftest.c >&5
configure:3065: $? = 0
configure:3078: result: none needed
configure:3103: checking how to run the C preprocessor
configure:3134: gcc -E  conftest.c
configure:3134: $? = 0
configure:3148: gcc -E  conftest.c
conftest.c:10:28: fatal error: ac_nonexistent.h: No such file or directory
compilation terminated.
configure:3148: $? = 1
configure: failed program was:
| /* confdefs.h */
| #define PACKAGE_NAME "wavemon"
| #define PACKAGE_TARNAME "wavemon-current"
| #define PACKAGE_VERSION "0.8.0"
| #define PACKAGE_STRING "wavemon 0.8.0"
| #define PACKAGE_BUGREPORT "gerrit@erg.abdn.ac.uk"
| #define PACKAGE_URL "https://github.com/uoaerg/wavemon"
| #define BUILD_DATE "Tue Nov  8 15:29:57 BRST 2016"
| /* end confdefs.h.  */
| #include <ac_nonexistent.h>
configure:3173: result: gcc -E
configure:3193: gcc -E  conftest.c
configure:3193: $? = 0
configure:3207: gcc -E  conftest.c
conftest.c:10:28: fatal error: ac_nonexistent.h: No such file or directory
compilation terminated.
configure:3207: $? = 1
configure: failed program was:
| /* confdefs.h */
| #define PACKAGE_NAME "wavemon"
| #define PACKAGE_TARNAME "wavemon-current"
| #define PACKAGE_VERSION "0.8.0"
| #define PACKAGE_STRING "wavemon 0.8.0"
| #define PACKAGE_BUGREPORT "gerrit@erg.abdn.ac.uk"
| #define PACKAGE_URL "https://github.com/uoaerg/wavemon"
| #define BUILD_DATE "Tue Nov  8 15:29:57 BRST 2016"
| /* end confdefs.h.  */
| #include <ac_nonexistent.h>
configure:3249: checking for a BSD-compatible install
configure:3317: result: /usr/bin/install -c
configure:3332: checking for grep that handles long lines and -e
configure:3390: result: /bin/grep
configure:3395: checking for egrep
configure:3457: result: /bin/grep -E
configure:3462: checking for ANSI C header files
configure:3482: gcc -c -O2 -Wall  conftest.c >&5
configure:3482: $? = 0
configure:3555: gcc -o conftest -O2 -Wall   conftest.c  >&5
configure:3555: $? = 0
configure:3555: ./conftest
configure:3555: $? = 0
configure:3566: result: yes
configure:3574: checking whether time.h and sys/time.h may both be included
configure:3594: gcc -c -O2 -Wall  conftest.c >&5
configure:3594: $? = 0
configure:3601: result: yes
configure:3614: checking for sys/types.h
configure:3614: gcc -c -O2 -Wall  conftest.c >&5
configure:3614: $? = 0
configure:3614: result: yes
configure:3614: checking for sys/stat.h
configure:3614: gcc -c -O2 -Wall  conftest.c >&5
configure:3614: $? = 0
configure:3614: result: yes
configure:3614: checking for stdlib.h
configure:3614: gcc -c -O2 -Wall  conftest.c >&5
configure:3614: $? = 0
configure:3614: result: yes
configure:3614: checking for string.h
configure:3614: gcc -c -O2 -Wall  conftest.c >&5
configure:3614: $? = 0
configure:3614: result: yes
configure:3614: checking for memory.h
configure:3614: gcc -c -O2 -Wall  conftest.c >&5
configure:3614: $? = 0
configure:3614: result: yes
configure:3614: checking for strings.h
configure:3614: gcc -c -O2 -Wall  conftest.c >&5
configure:3614: $? = 0
configure:3614: result: yes
configure:3614: checking for inttypes.h
configure:3614: gcc -c -O2 -Wall  conftest.c >&5
configure:3614: $? = 0
configure:3614: result: yes
configure:3614: checking for stdint.h
configure:3614: gcc -c -O2 -Wall  conftest.c >&5
configure:3614: $? = 0
configure:3614: result: yes
configure:3614: checking for unistd.h
configure:3614: gcc -c -O2 -Wall  conftest.c >&5
configure:3614: $? = 0
configure:3614: result: yes
configure:3630: checking ncurses.h usability
configure:3630: gcc -c -O2 -Wall  conftest.c >&5
configure:3630: $? = 0
configure:3630: result: yes
configure:3630: checking ncurses.h presence
configure:3630: gcc -E  conftest.c
configure:3630: $? = 0
configure:3630: result: yes
configure:3630: checking for ncurses.h
configure:3630: result: yes
configure:3630: checking fcntl.h usability
configure:3630: gcc -c -O2 -Wall  conftest.c >&5
configure:3630: $? = 0
configure:3630: result: yes
configure:3630: checking fcntl.h presence
configure:3630: gcc -E  conftest.c
configure:3630: $? = 0
configure:3630: result: yes
configure:3630: checking for fcntl.h
configure:3630: result: yes
configure:3630: checking netdb.h usability
configure:3630: gcc -c -O2 -Wall  conftest.c >&5
configure:3630: $? = 0
configure:3630: result: yes
configure:3630: checking netdb.h presence
configure:3630: gcc -E  conftest.c
configure:3630: $? = 0
configure:3630: result: yes
configure:3630: checking for netdb.h
configure:3630: result: yes
configure:3630: checking sys/ioctl.h usability
configure:3630: gcc -c -O2 -Wall  conftest.c >&5
configure:3630: $? = 0
configure:3630: result: yes
configure:3630: checking sys/ioctl.h presence
configure:3630: gcc -E  conftest.c
configure:3630: $? = 0
configure:3630: result: yes
configure:3630: checking for sys/ioctl.h
configure:3630: result: yes
configure:3630: checking sys/time.h usability
configure:3630: gcc -c -O2 -Wall  conftest.c >&5
configure:3630: $? = 0
configure:3630: result: yes
configure:3630: checking sys/time.h presence
configure:3630: gcc -E  conftest.c
configure:3630: $? = 0
configure:3630: result: yes
configure:3630: checking for sys/time.h
configure:3630: result: yes
configure:3630: checking for unistd.h
configure:3630: result: yes
configure:3630: checking net/if_arp.h usability
configure:3630: gcc -c -O2 -Wall  conftest.c >&5
configure:3630: $? = 0
configure:3630: result: yes
configure:3630: checking net/if_arp.h presence
configure:3630: gcc -E  conftest.c
configure:3630: $? = 0
configure:3630: result: yes
configure:3630: checking for net/if_arp.h
configure:3630: result: yes
configure:3630: checking netinet/ether.h usability
configure:3630: gcc -c -O2 -Wall  conftest.c >&5
configure:3630: $? = 0
configure:3630: result: yes
configure:3630: checking netinet/ether.h presence
configure:3630: gcc -E  conftest.c
configure:3630: $? = 0
configure:3630: result: yes
configure:3630: checking for netinet/ether.h
configure:3630: result: yes
configure:3630: checking net/ethernet.h usability
configure:3630: gcc -c -O2 -Wall  conftest.c >&5
configure:3630: $? = 0
configure:3630: result: yes
configure:3630: checking net/ethernet.h presence
configure:3630: gcc -E  conftest.c
configure:3630: $? = 0
configure:3630: result: yes
configure:3630: checking for net/ethernet.h
configure:3630: result: yes
configure:3630: checking pthread.h usability
configure:3630: gcc -c -O2 -Wall  conftest.c >&5
configure:3630: $? = 0
configure:3630: result: yes
configure:3630: checking pthread.h presence
configure:3630: gcc -E  conftest.c
configure:3630: $? = 0
configure:3630: result: yes
configure:3630: checking for pthread.h
configure:3630: result: yes
configure:3648: checking for sys/socket.h
configure:3648: gcc -c -O2 -Wall  conftest.c >&5
configure:3648: $? = 0
configure:3648: result: yes
configure:3648: checking for linux/if.h
configure:3648: gcc -c -O2 -Wall  conftest.c >&5
configure:3648: $? = 0
configure:3648: result: yes
configure:3648: checking for linux/wireless.h
configure:3648: gcc -c -O2 -Wall  conftest.c >&5
configure:3648: $? = 0
configure:3648: result: yes
configure:3683: gcc -c -O2 -Wall  conftest.c >&5
configure:3683: $? = 0
configure:3692: checking for stdbool.h that conforms to C99
configure:3759: gcc -c -O2 -Wall  conftest.c >&5
conftest.c: In function 'main':
conftest.c:83:14: warning: the address of 's' will always evaluate as 'true' [-Waddress]
              bool e = &s;
              ^
conftest.c:87:22: warning: the address of 'a' will always evaluate as 'true' [-Waddress]
              return (!a + !b + !c + !d + !e + !f + !g + !h + !i + !!j + !k + !!l
                      ^
conftest.c:87:27: warning: the address of 'b' will always evaluate as 'true' [-Waddress]
              return (!a + !b + !c + !d + !e + !f + !g + !h + !i + !!j + !k + !!l
                           ^
conftest.c:87:32: warning: the address of 'c' will always evaluate as 'true' [-Waddress]
              return (!a + !b + !c + !d + !e + !f + !g + !h + !i + !!j + !k + !!l
                                ^
conftest.c:87:37: warning: the address of 'd' will always evaluate as 'true' [-Waddress]
              return (!a + !b + !c + !d + !e + !f + !g + !h + !i + !!j + !k + !!l
                                     ^
conftest.c:87:47: warning: the address of 'f' will always evaluate as 'true' [-Waddress]
              return (!a + !b + !c + !d + !e + !f + !g + !h + !i + !!j + !k + !!l
                                               ^
conftest.c:87:52: warning: the address of 'g' will always evaluate as 'true' [-Waddress]
              return (!a + !b + !c + !d + !e + !f + !g + !h + !i + !!j + !k + !!l
                                                    ^
conftest.c:87:57: warning: the address of 'h' will always evaluate as 'true' [-Waddress]
              return (!a + !b + !c + !d + !e + !f + !g + !h + !i + !!j + !k + !!l
                                                         ^
conftest.c:87:62: warning: the address of 'i' will always evaluate as 'true' [-Waddress]
              return (!a + !b + !c + !d + !e + !f + !g + !h + !i + !!j + !k + !!l
                                                              ^
conftest.c:88:29: warning: the address of 'n' will always evaluate as 'true' [-Waddress]
                             ^
conftest.c:88:34: warning: the address of 'o' will always evaluate as 'true' [-Waddress]
                                  ^
conftest.c:88:39: warning: the address of 'p' will always evaluate as 'true' [-Waddress]
                                       ^
configure:3759: $? = 0
configure:3766: result: yes
configure:3768: checking for _Bool
configure:3768: gcc -c -O2 -Wall  conftest.c >&5
configure:3768: $? = 0
configure:3768: gcc -c -O2 -Wall  conftest.c >&5
conftest.c: In function 'main':
conftest.c:70:20: error: expected expression before ')' token
 if (sizeof ((_Bool)))
                    ^
configure:3768: $? = 1
configure: failed program was:
| /* confdefs.h */
| #define PACKAGE_NAME "wavemon"
| #define PACKAGE_TARNAME "wavemon-current"
| #define PACKAGE_VERSION "0.8.0"
| #define PACKAGE_STRING "wavemon 0.8.0"
| #define PACKAGE_BUGREPORT "gerrit@erg.abdn.ac.uk"
| #define PACKAGE_URL "https://github.com/uoaerg/wavemon"
| #define BUILD_DATE "Tue Nov  8 15:29:57 BRST 2016"
| #define STDC_HEADERS 1
| #define TIME_WITH_SYS_TIME 1
| #define HAVE_SYS_TYPES_H 1
| #define HAVE_SYS_STAT_H 1
| #define HAVE_STDLIB_H 1
| #define HAVE_STRING_H 1
| #define HAVE_MEMORY_H 1
| #define HAVE_STRINGS_H 1
| #define HAVE_INTTYPES_H 1
| #define HAVE_STDINT_H 1
| #define HAVE_UNISTD_H 1
| #define HAVE_NCURSES_H 1
| #define HAVE_FCNTL_H 1
| #define HAVE_NETDB_H 1
| #define HAVE_SYS_IOCTL_H 1
| #define HAVE_SYS_TIME_H 1
| #define HAVE_UNISTD_H 1
| #define HAVE_NET_IF_ARP_H 1
| #define HAVE_NETINET_ETHER_H 1
| #define HAVE_NET_ETHERNET_H 1
| #define HAVE_PTHREAD_H 1
| #define HAVE_SYS_SOCKET_H 1
| #define HAVE_LINUX_IF_H 1
| #define HAVE_LINUX_WIRELESS_H 1
| /* end confdefs.h.  */
| #include <stdio.h>
| #ifdef HAVE_SYS_TYPES_H
| # include <sys/types.h>
| #endif
| #ifdef HAVE_SYS_STAT_H
| # include <sys/stat.h>
| #endif
| #ifdef STDC_HEADERS
| # include <stdlib.h>
| # include <stddef.h>
| #else
| # ifdef HAVE_STDLIB_H
| #  include <stdlib.h>
| # endif
| #endif
| #ifdef HAVE_STRING_H
| # if !defined STDC_HEADERS && defined HAVE_MEMORY_H
| #  include <memory.h>
| # endif
| # include <string.h>
| #endif
| #ifdef HAVE_STRINGS_H
| # include <strings.h>
| #endif
| #ifdef HAVE_INTTYPES_H
| # include <inttypes.h>
| #endif
| #ifdef HAVE_STDINT_H
| # include <stdint.h>
| #endif
| #ifdef HAVE_UNISTD_H
| # include <unistd.h>
| #endif
| int
| main ()
| {
| if (sizeof ((_Bool)))
| 	    return 0;
|   ;
|   return 0;
| }
configure:3768: result: yes
configure:3787: checking for pow in -lm
configure:3812: gcc -o conftest -O2 -Wall   conftest.c -lm   >&5
conftest.c:43:6: warning: conflicting types for built-in function 'pow'
 char pow ();
      ^
configure:3812: $? = 0
configure:3821: result: yes
configure:3834: checking for waddstr in -lncurses
configure:3859: gcc -o conftest -O2 -Wall   conftest.c -lncurses  -lm  >&5
configure:3859: $? = 0
configure:3868: result: yes
configure:3881: checking for pthread_create in -lpthread
configure:3906: gcc -o conftest -O2 -Wall   conftest.c -lpthread  -lncurses -lm  >&5
configure:3906: $? = 0
configure:3915: result: yes
configure:3923: checking for cap_get_flag in -lcap
configure:3948: gcc -o conftest -O2 -Wall -pthread   conftest.c -lcap  -lncurses -lm  >&5
/usr/bin/ld: cannot find -lcap
collect2: error: ld returned 1 exit status
configure:3948: $? = 1
configure: failed program was:
| /* confdefs.h */
| #define PACKAGE_NAME "wavemon"
| #define PACKAGE_TARNAME "wavemon-current"
| #define PACKAGE_VERSION "0.8.0"
| #define PACKAGE_STRING "wavemon 0.8.0"
| #define PACKAGE_BUGREPORT "gerrit@erg.abdn.ac.uk"
| #define PACKAGE_URL "https://github.com/uoaerg/wavemon"
| #define BUILD_DATE "Tue Nov  8 15:29:57 BRST 2016"
| #define STDC_HEADERS 1
| #define TIME_WITH_SYS_TIME 1
| #define HAVE_SYS_TYPES_H 1
| #define HAVE_SYS_STAT_H 1
| #define HAVE_STDLIB_H 1
| #define HAVE_STRING_H 1
| #define HAVE_MEMORY_H 1
| #define HAVE_STRINGS_H 1
| #define HAVE_INTTYPES_H 1
| #define HAVE_STDINT_H 1
| #define HAVE_UNISTD_H 1
| #define HAVE_NCURSES_H 1
| #define HAVE_FCNTL_H 1
| #define HAVE_NETDB_H 1
| #define HAVE_SYS_IOCTL_H 1
| #define HAVE_SYS_TIME_H 1
| #define HAVE_UNISTD_H 1
| #define HAVE_NET_IF_ARP_H 1
| #define HAVE_NETINET_ETHER_H 1
| #define HAVE_NET_ETHERNET_H 1
| #define HAVE_PTHREAD_H 1
| #define HAVE_SYS_SOCKET_H 1
| #define HAVE_LINUX_IF_H 1
| #define HAVE_LINUX_WIRELESS_H 1
| #define HAVE__BOOL 1
| #define HAVE_STDBOOL_H 1
| #define HAVE_LIBM 1
| #define HAVE_LIBNCURSES 1
| /* end confdefs.h.  */
| 
| /* Override any GCC internal prototype to avoid an error.
|    Use char because int might match the return type of a GCC
|    builtin and then its argument prototype would still apply.  */
| #ifdef __cplusplus
| extern "C"
| #endif
| char cap_get_flag ();
| int
| main ()
| {
| return cap_get_flag ();
|   ;
|   return 0;
| }
configure:3957: result: no
configure:3973: checking for gettimeofday
configure:3973: gcc -o conftest -O2 -Wall -pthread   conftest.c -lncurses -lm  >&5
configure:3973: $? = 0
configure:3973: result: yes
configure:3973: checking for ether_ntohost
configure:3973: gcc -o conftest -O2 -Wall -pthread   conftest.c -lncurses -lm  >&5
configure:3973: $? = 0
configure:3973: result: yes
configure:4040: checking for pkg-config
configure:4058: found /usr/bin/pkg-config
configure:4070: result: /usr/bin/pkg-config
configure:4095: checking pkg-config is at least version 0.9.0
configure:4098: result: yes
configure:4108: checking for LIBNL3
configure:4115: $PKG_CONFIG --exists --print-errors "libnl-3.0 >= 3.2"
configure:4118: $? = 0
configure:4132: $PKG_CONFIG --exists --print-errors "libnl-3.0 >= 3.2"
configure:4135: $? = 0
configure:4173: result: yes
configure:4179: checking for LIBNL3_GENL
configure:4186: $PKG_CONFIG --exists --print-errors "libnl-genl-3.0 >= 3.2"
configure:4189: $? = 0
configure:4203: $PKG_CONFIG --exists --print-errors "libnl-genl-3.0 >= 3.2"
configure:4206: $? = 0
configure:4244: result: yes
configure:4251: checking whether gcc needs -traditional
configure:4285: result: no
configure:4292: checking for an ANSI C-conforming const
configure:4358: gcc -c -O2 -Wall -pthread  conftest.c >&5
configure:4358: $? = 0
configure:4365: result: yes
configure:4373: checking for inline
configure:4389: gcc -c -O2 -Wall -pthread  conftest.c >&5
configure:4389: $? = 0
configure:4397: result: inline
configure:4566: creating ./config.status

## ---------------------- ##
## Running config.status. ##
## ---------------------- ##

This file was extended by wavemon config.status 0.8.0, which was
generated by GNU Autoconf 2.69.  Invocation command line was

  CONFIG_FILES    = 
  CONFIG_HEADERS  = 
  CONFIG_LINKS    = 
  CONFIG_COMMANDS = 
  $ ./config.status 

on lenonr-notebook

config.status:746: creating Makefile

## ---------------- ##
## Cache variables. ##
## ---------------- ##

ac_cv_build=x86_64-unknown-linux-gnu
ac_cv_c_compiler_gnu=yes
ac_cv_c_const=yes
ac_cv_c_inline=inline
ac_cv_env_CC_set=
ac_cv_env_CC_value=
ac_cv_env_CFLAGS_set=
ac_cv_env_CFLAGS_value=
ac_cv_env_CPPFLAGS_set=
ac_cv_env_CPPFLAGS_value=
ac_cv_env_CPP_set=
ac_cv_env_CPP_value=
ac_cv_env_LDFLAGS_set=
ac_cv_env_LDFLAGS_value=
ac_cv_env_LIBNL3_CFLAGS_set=
ac_cv_env_LIBNL3_CFLAGS_value=
ac_cv_env_LIBNL3_GENL_CFLAGS_set=
ac_cv_env_LIBNL3_GENL_CFLAGS_value=
ac_cv_env_LIBNL3_GENL_LIBS_set=
ac_cv_env_LIBNL3_GENL_LIBS_value=
ac_cv_env_LIBNL3_LIBS_set=
ac_cv_env_LIBNL3_LIBS_value=
ac_cv_env_LIBS_set=
ac_cv_env_LIBS_value=
ac_cv_env_PKG_CONFIG_LIBDIR_set=
ac_cv_env_PKG_CONFIG_LIBDIR_value=
ac_cv_env_PKG_CONFIG_PATH_set=
ac_cv_env_PKG_CONFIG_PATH_value=
ac_cv_env_PKG_CONFIG_set=
ac_cv_env_PKG_CONFIG_value=
ac_cv_env_build_alias_set=
ac_cv_env_build_alias_value=
ac_cv_env_host_alias_set=
ac_cv_env_host_alias_value=
ac_cv_env_target_alias_set=
ac_cv_env_target_alias_value=
ac_cv_func_ether_ntohost=yes
ac_cv_func_gettimeofday=yes
ac_cv_header_fcntl_h=yes
ac_cv_header_inttypes_h=yes
ac_cv_header_linux_if_h=yes
ac_cv_header_linux_wireless_h=yes
ac_cv_header_memory_h=yes
ac_cv_header_ncurses_h=yes
ac_cv_header_net_ethernet_h=yes
ac_cv_header_net_if_arp_h=yes
ac_cv_header_netdb_h=yes
ac_cv_header_netinet_ether_h=yes
ac_cv_header_pthread_h=yes
ac_cv_header_stdbool_h=yes
ac_cv_header_stdc=yes
ac_cv_header_stdint_h=yes
ac_cv_header_stdlib_h=yes
ac_cv_header_string_h=yes
ac_cv_header_strings_h=yes
ac_cv_header_sys_ioctl_h=yes
ac_cv_header_sys_socket_h=yes
ac_cv_header_sys_stat_h=yes
ac_cv_header_sys_time_h=yes
ac_cv_header_sys_types_h=yes
ac_cv_header_time=yes
ac_cv_header_unistd_h=yes
ac_cv_host=x86_64-unknown-linux-gnu
ac_cv_lib_cap_cap_get_flag=no
ac_cv_lib_m_pow=yes
ac_cv_lib_ncurses_waddstr=yes
ac_cv_lib_pthread_pthread_create=yes
ac_cv_objext=o
ac_cv_path_EGREP='/bin/grep -E'
ac_cv_path_GREP=/bin/grep
ac_cv_path_ac_pt_PKG_CONFIG=/usr/bin/pkg-config
ac_cv_path_install='/usr/bin/install -c'
ac_cv_prog_CPP='gcc -E'
ac_cv_prog_ac_ct_CC=gcc
ac_cv_prog_cc_c89=
ac_cv_prog_cc_g=yes
ac_cv_prog_gcc_traditional=no
ac_cv_type__Bool=yes
pkg_cv_LIBNL3_CFLAGS=-I/usr/include/libnl3
pkg_cv_LIBNL3_GENL_CFLAGS=-I/usr/include/libnl3
pkg_cv_LIBNL3_GENL_LIBS='-lnl-genl-3 -lnl-3'
pkg_cv_LIBNL3_LIBS=-lnl-3

## ----------------- ##
## Output variables. ##
## ----------------- ##

CC='gcc'
CFLAGS='-O2 -Wall -pthread'
CPP='gcc -E'
CPPFLAGS=''
DEFS='-DPACKAGE_NAME=\"wavemon\" -DPACKAGE_TARNAME=\"wavemon-current\" -DPACKAGE_VERSION=\"0.8.0\" -DPACKAGE_STRING=\"wavemon\ 0.8.0\" -DPACKAGE_BUGREPORT=\"gerrit@erg.abdn.ac.uk\" -DPACKAGE_URL=\"https://github.com/uoaerg/wavemon\" -DBUILD_DATE=\"Tue\ Nov\ \ 8\ 15:29:57\ BRST\ 2016\" -DSTDC_HEADERS=1 -DTIME_WITH_SYS_TIME=1 -DHAVE_SYS_TYPES_H=1 -DHAVE_SYS_STAT_H=1 -DHAVE_STDLIB_H=1 -DHAVE_STRING_H=1 -DHAVE_MEMORY_H=1 -DHAVE_STRINGS_H=1 -DHAVE_INTTYPES_H=1 -DHAVE_STDINT_H=1 -DHAVE_UNISTD_H=1 -DHAVE_NCURSES_H=1 -DHAVE_FCNTL_H=1 -DHAVE_NETDB_H=1 -DHAVE_SYS_IOCTL_H=1 -DHAVE_SYS_TIME_H=1 -DHAVE_UNISTD_H=1 -DHAVE_NET_IF_ARP_H=1 -DHAVE_NETINET_ETHER_H=1 -DHAVE_NET_ETHERNET_H=1 -DHAVE_PTHREAD_H=1 -DHAVE_SYS_SOCKET_H=1 -DHAVE_LINUX_IF_H=1 -DHAVE_LINUX_WIRELESS_H=1 -DHAVE__BOOL=1 -DHAVE_STDBOOL_H=1 -DHAVE_LIBM=1 -DHAVE_LIBNCURSES=1 -DHAVE_GETTIMEOFDAY=1 -DHAVE_ETHER_NTOHOST=1'
ECHO_C=''
ECHO_N='-n'
ECHO_T=''
EGREP='/bin/grep -E'
EXEEXT=''
GREP='/bin/grep'
INSTALL_DATA='${INSTALL} -m 644'
INSTALL_PROGRAM='${INSTALL}'
INSTALL_SCRIPT='${INSTALL}'
LDFLAGS=''
LIBNL3_CFLAGS='-I/usr/include/libnl3'
LIBNL3_GENL_CFLAGS='-I/usr/include/libnl3'
LIBNL3_GENL_LIBS='-lnl-genl-3 -lnl-3'
LIBNL3_LIBS='-lnl-3'
LIBOBJS=''
LIBS='-lncurses -lm  -lnl-genl-3 -lnl-3'
LTLIBOBJS=''
OBJEXT='o'
PACKAGE_BUGREPORT='gerrit@erg.abdn.ac.uk'
PACKAGE_NAME='wavemon'
PACKAGE_STRING='wavemon 0.8.0'
PACKAGE_TARNAME='wavemon-current'
PACKAGE_URL='https://github.com/uoaerg/wavemon'
PACKAGE_VERSION='0.8.0'
PATH_SEPARATOR=':'
PKG_CONFIG='/usr/bin/pkg-config'
PKG_CONFIG_LIBDIR=''
PKG_CONFIG_PATH=''
SHELL='/bin/bash'
ac_ct_CC='gcc'
bindir='${exec_prefix}/bin'
build='x86_64-unknown-linux-gnu'
build_alias=''
build_cpu='x86_64'
build_os='linux-gnu'
build_vendor='unknown'
datadir='${datarootdir}'
datarootdir='${prefix}/share'
docdir='${datarootdir}/doc/${PACKAGE_TARNAME}'
dvidir='${docdir}'
exec_prefix='${prefix}'
host='x86_64-unknown-linux-gnu'
host_alias=''
host_cpu='x86_64'
host_os='linux-gnu'
host_vendor='unknown'
htmldir='${docdir}'
includedir='${prefix}/include'
infodir='${datarootdir}/info'
libdir='${exec_prefix}/lib'
libexecdir='${exec_prefix}/libexec'
localedir='${datarootdir}/locale'
localstatedir='${prefix}/var'
mandir='${datarootdir}/man'
oldincludedir='/usr/include'
pdfdir='${docdir}'
prefix='/usr/local'
program_transform_name='s,x,x,'
psdir='${docdir}'
sbindir='${exec_prefix}/sbin'
sharedstatedir='${prefix}/com'
sysconfdir='${prefix}/etc'
target_alias=''

## ----------- ##
## confdefs.h. ##
## ----------- ##

/* confdefs.h */
#define PACKAGE_NAME "wavemon"
#define PACKAGE_TARNAME "wavemon-current"
#define PACKAGE_VERSION "0.8.0"
#define PACKAGE_STRING "wavemon 0.8.0"
#define PACKAGE_BUGREPORT "gerrit@erg.abdn.ac.uk"
#define PACKAGE_URL "https://github.com/uoaerg/wavemon"
#define BUILD_DATE "Tue Nov  8 15:29:57 BRST 2016"
#define STDC_HEADERS 1
#define TIME_WITH_SYS_TIME 1
#define HAVE_SYS_TYPES_H 1
#define HAVE_SYS_STAT_H 1
#define HAVE_STDLIB_H 1
#define HAVE_STRING_H 1
#define HAVE_MEMORY_H 1
#define HAVE_STRINGS_H 1
#define HAVE_INTTYPES_H 1
#define HAVE_STDINT_H 1
#define HAVE_UNISTD_H 1
#define HAVE_NCURSES_H 1
#define HAVE_FCNTL_H 1
#define HAVE_NETDB_H 1
#define HAVE_SYS_IOCTL_H 1
#define HAVE_SYS_TIME_H 1
#define HAVE_UNISTD_H 1
#define HAVE_NET_IF_ARP_H 1
#define HAVE_NETINET_ETHER_H 1
#define HAVE_NET_ETHERNET_H 1
#define HAVE_PTHREAD_H 1
#define HAVE_SYS_SOCKET_H 1
#define HAVE_LINUX_IF_H 1
#define HAVE_LINUX_WIRELESS_H 1
#define HAVE__BOOL 1
#define HAVE_STDBOOL_H 1
#define HAVE_LIBM 1
#define HAVE_LIBNCURSES 1
#define HAVE_GETTIMEOFDAY 1
#define HAVE_ETHER_NTOHOST 1

configure: exit 0
